<?xml version="1.0" encoding="UTF-8"?>
<!-- Generated by org.testng.reporters.JUnitReportReporter -->
<testsuite skipped="0" hostname="LAPTOP-1IPAD3CB" name="com.mastercard.mdcc.employee.testcases.TC004_PUT_EmployeeRecord" tests="1" failures="0" timestamp="2020-06-12T11:38:50 CDT" time="0.005" errors="0">
  <testcase name="modifyEmployeeRecord" time="0.005" classname="com.mastercard.mdcc.employee.testcases.TC004_PUT_EmployeeRecord"/>
  <system-out/>
</testsuite> <!-- com.mastercard.mdcc.employee.testcases.TC004_PUT_EmployeeRecord -->
