<?xml version="1.0" encoding="UTF-8"?>
<!-- Generated by org.testng.reporters.JUnitReportReporter -->
<testsuite skipped="0" hostname="LAPTOP-1IPAD3CB" name="com.mastercard.restassured.TC02_POST_Request" tests="1" failures="0" timestamp="2020-06-10T17:43:37 CDT" time="3.537" errors="0">
  <testcase name="getWeatherReport" time="3.537" classname="com.mastercard.restassured.TC02_POST_Request"/>
  <system-out/>
</testsuite> <!-- com.mastercard.restassured.TC02_POST_Request -->
