<?xml version="1.0" encoding="UTF-8"?>
<!-- Generated by org.testng.reporters.JUnitReportReporter -->
<testsuite skipped="0" hostname="LAPTOP-1IPAD3CB" name="com.mastercard.restassured.TC01_GET_RestAssured" tests="1" failures="0" timestamp="2020-04-17T21:23:27 CDT" time="5.345" errors="0">
  <testcase name="getWeatherReport" time="5.345" classname="com.mastercard.restassured.TC01_GET_RestAssured"/>
  <system-out/>
</testsuite> <!-- com.mastercard.restassured.TC01_GET_RestAssured -->
