<?xml version="1.0" encoding="UTF-8"?>
<!-- Generated by org.testng.reporters.JUnitReportReporter -->
<testsuite skipped="0" hostname="LAPTOP-1IPAD3CB" name="com.mastercard.restassured.TC05_GET_VerifyResponseBody" tests="1" failures="0" timestamp="2020-04-30T21:11:32 CDT" time="4.196" errors="0">
  <testcase name="getWeatherReport" time="4.196" classname="com.mastercard.restassured.TC05_GET_VerifyResponseBody"/>
  <system-out/>
</testsuite> <!-- com.mastercard.restassured.TC05_GET_VerifyResponseBody -->
