<?xml version="1.0" encoding="UTF-8"?>
<!-- Generated by org.testng.reporters.JUnitReportReporter -->
<testsuite skipped="0" hostname="LAPTOP-1IPAD3CB" name="dataDrivenTesting.DataDriven_Excel_AddNewEmp" tests="5" failures="0" timestamp="2020-05-02T21:06:54 CDT" time="4.292" errors="0">
  <testcase name="createNewEmployee" time="0.442" classname="dataDrivenTesting.DataDriven_Excel_AddNewEmp"/>
  <system-out/>
  <testcase name="createNewEmployee" time="0.497" classname="dataDrivenTesting.DataDriven_Excel_AddNewEmp"/>
  <system-out/>
  <testcase name="createNewEmployee" time="0.467" classname="dataDrivenTesting.DataDriven_Excel_AddNewEmp"/>
  <system-out/>
  <testcase name="createNewEmployee" time="2.380" classname="dataDrivenTesting.DataDriven_Excel_AddNewEmp"/>
  <system-out/>
  <testcase name="createNewEmployee" time="0.506" classname="dataDrivenTesting.DataDriven_Excel_AddNewEmp"/>
  <system-out/>
</testsuite> <!-- dataDrivenTesting.DataDriven_Excel_AddNewEmp -->
