<?xml version="1.0" encoding="UTF-8"?>
<!-- Generated by org.testng.reporters.JUnitReportReporter -->
<testsuite skipped="0" hostname="LAPTOP-1IPAD3CB" name="com.mastercard.mdcc.employee.testcases.TC001_Get_All_Employees" tests="6" failures="0" timestamp="2020-06-12T11:38:50 CDT" time="0.023" errors="0">
  <testcase name="checkResponseCode" time="0.003" classname="com.mastercard.mdcc.employee.testcases.TC001_Get_All_Employees"/>
  <system-out/>
  <testcase name="checkCookies" time="0.003" classname="com.mastercard.mdcc.employee.testcases.TC001_Get_All_Employees"/>
  <system-out/>
  <testcase name="checkResponseTime" time="0.004" classname="com.mastercard.mdcc.employee.testcases.TC001_Get_All_Employees"/>
  <system-out/>
  <testcase name="checkContentLength" time="0.004" classname="com.mastercard.mdcc.employee.testcases.TC001_Get_All_Employees"/>
  <system-out/>
  <testcase name="checkResponseBody" time="0.006" classname="com.mastercard.mdcc.employee.testcases.TC001_Get_All_Employees"/>
  <system-out/>
  <testcase name="checkContentEncoding" time="0.003" classname="com.mastercard.mdcc.employee.testcases.TC001_Get_All_Employees"/>
  <system-out/>
</testsuite> <!-- com.mastercard.mdcc.employee.testcases.TC001_Get_All_Employees -->
