<?xml version="1.0" encoding="UTF-8"?>
<!-- Generated by org.testng.reporters.JUnitReportReporter -->
<testsuite skipped="1" hostname="LAPTOP-1IPAD3CB" name="com.mastercard.mdcc.employee.testcases.TC003_POST_EmployeeRecord" tests="7" failures="0" timestamp="2020-06-12T11:38:50 CDT" time="1.004" errors="2">
  <testcase name="parseJsonResponse" time="0.958" classname="com.mastercard.mdcc.employee.testcases.TC003_POST_EmployeeRecord"/>
  <system-out/>
  <testcase name="verifyResponseBody" time="0.019" classname="com.mastercard.mdcc.employee.testcases.TC003_POST_EmployeeRecord"/>
  <system-out/>
  <testcase name="verifyStatusCode" time="0.001" classname="com.mastercard.mdcc.employee.testcases.TC003_POST_EmployeeRecord"/>
  <system-out/>
  <testcase name="verifyHeaderContentEncoding" time="0.005" classname="com.mastercard.mdcc.employee.testcases.TC003_POST_EmployeeRecord">
    <error type="junit.framework.ComparisonFailure" message="Header Content-Encoding in the Response is:  expected:&lt;gzip&gt; but was:&lt;null&gt;">
      <![CDATA[junit.framework.ComparisonFailure: Header Content-Encoding in the Response is:  expected:<gzip> but was:<null>
at junit.framework.Assert.assertEquals(Assert.java:81)
at com.mastercard.mdcc.employee.testcases.TC003_POST_EmployeeRecord.verifyHeaderContentEncoding(TC003_POST_EmployeeRecord.java:82)
at sun.reflect.NativeMethodAccessorImpl.invoke0(Native Method)
at sun.reflect.NativeMethodAccessorImpl.invoke(NativeMethodAccessorImpl.java:62)
at sun.reflect.DelegatingMethodAccessorImpl.invoke(DelegatingMethodAccessorImpl.java:43)
at java.lang.reflect.Method.invoke(Method.java:498)
at org.testng.internal.MethodInvocationHelper.invokeMethod(MethodInvocationHelper.java:134)
at org.testng.internal.TestInvoker.invokeMethod(TestInvoker.java:597)
at org.testng.internal.TestInvoker.invokeTestMethod(TestInvoker.java:173)
at org.testng.internal.MethodRunner.runInSequence(MethodRunner.java:46)
at org.testng.internal.TestInvoker$MethodInvocationAgent.invoke(TestInvoker.java:816)
at org.testng.internal.TestInvoker.invokeTestMethods(TestInvoker.java:146)
at org.testng.internal.TestMethodWorker.invokeTestMethods(TestMethodWorker.java:146)
at org.testng.internal.TestMethodWorker.run(TestMethodWorker.java:128)
at java.util.ArrayList.forEach(ArrayList.java:1257)
at org.testng.TestRunner.privateRun(TestRunner.java:766)
at org.testng.TestRunner.run(TestRunner.java:587)
at org.testng.SuiteRunner.runTest(SuiteRunner.java:384)
at org.testng.SuiteRunner.runSequentially(SuiteRunner.java:378)
at org.testng.SuiteRunner.privateRun(SuiteRunner.java:337)
at org.testng.SuiteRunner.run(SuiteRunner.java:286)
at org.testng.SuiteRunnerWorker.runSuite(SuiteRunnerWorker.java:53)
at org.testng.SuiteRunnerWorker.run(SuiteRunnerWorker.java:96)
at org.testng.TestNG.runSuitesSequentially(TestNG.java:1187)
at org.testng.TestNG.runSuitesLocally(TestNG.java:1109)
at org.testng.TestNG.runSuites(TestNG.java:1039)
at org.testng.TestNG.run(TestNG.java:1007)
at org.testng.remote.AbstractRemoteTestNG.run(AbstractRemoteTestNG.java:115)
at org.testng.remote.RemoteTestNG.initAndRun(RemoteTestNG.java:251)
at org.testng.remote.RemoteTestNG.main(RemoteTestNG.java:77)
]]>
    </error>
  </testcase> <!-- verifyHeaderContentEncoding -->
  <system-out/>
  <testcase name="verifyHeaderContentType" time="0.014" classname="com.mastercard.mdcc.employee.testcases.TC003_POST_EmployeeRecord">
    <error type="junit.framework.ComparisonFailure" message="Header ContentType in the Response is:  expected:&lt;text/html; charset=iso-8859-1&gt; but was:&lt;application/json;charset=utf-8&gt;">
      <![CDATA[junit.framework.ComparisonFailure: Header ContentType in the Response is:  expected:<text/html; charset=iso-8859-1> but was:<application/json;charset=utf-8>
at junit.framework.Assert.assertEquals(Assert.java:81)
at com.mastercard.mdcc.employee.testcases.TC003_POST_EmployeeRecord.verifyHeaderContentType(TC003_POST_EmployeeRecord.java:76)
at sun.reflect.NativeMethodAccessorImpl.invoke0(Native Method)
at sun.reflect.NativeMethodAccessorImpl.invoke(NativeMethodAccessorImpl.java:62)
at sun.reflect.DelegatingMethodAccessorImpl.invoke(DelegatingMethodAccessorImpl.java:43)
at java.lang.reflect.Method.invoke(Method.java:498)
at org.testng.internal.MethodInvocationHelper.invokeMethod(MethodInvocationHelper.java:134)
at org.testng.internal.TestInvoker.invokeMethod(TestInvoker.java:597)
at org.testng.internal.TestInvoker.invokeTestMethod(TestInvoker.java:173)
at org.testng.internal.MethodRunner.runInSequence(MethodRunner.java:46)
at org.testng.internal.TestInvoker$MethodInvocationAgent.invoke(TestInvoker.java:816)
at org.testng.internal.TestInvoker.invokeTestMethods(TestInvoker.java:146)
at org.testng.internal.TestMethodWorker.invokeTestMethods(TestMethodWorker.java:146)
at org.testng.internal.TestMethodWorker.run(TestMethodWorker.java:128)
at java.util.ArrayList.forEach(ArrayList.java:1257)
at org.testng.TestRunner.privateRun(TestRunner.java:766)
at org.testng.TestRunner.run(TestRunner.java:587)
at org.testng.SuiteRunner.runTest(SuiteRunner.java:384)
at org.testng.SuiteRunner.runSequentially(SuiteRunner.java:378)
at org.testng.SuiteRunner.privateRun(SuiteRunner.java:337)
at org.testng.SuiteRunner.run(SuiteRunner.java:286)
at org.testng.SuiteRunnerWorker.runSuite(SuiteRunnerWorker.java:53)
at org.testng.SuiteRunnerWorker.run(SuiteRunnerWorker.java:96)
at org.testng.TestNG.runSuitesSequentially(TestNG.java:1187)
at org.testng.TestNG.runSuitesLocally(TestNG.java:1109)
at org.testng.TestNG.runSuites(TestNG.java:1039)
at org.testng.TestNG.run(TestNG.java:1007)
at org.testng.remote.AbstractRemoteTestNG.run(AbstractRemoteTestNG.java:115)
at org.testng.remote.RemoteTestNG.initAndRun(RemoteTestNG.java:251)
at org.testng.remote.RemoteTestNG.main(RemoteTestNG.java:77)
]]>
    </error>
  </testcase> <!-- verifyHeaderContentType -->
  <system-out/>
  <testcase name="verifyHeaderServer" time="0.007" classname="com.mastercard.mdcc.employee.testcases.TC003_POST_EmployeeRecord"/>
  <system-out/>
  <testcase name="verifyStatusLine" classname="com.mastercard.mdcc.employee.testcases.TC003_POST_EmployeeRecord">
    <skipped/>
  </testcase> <!-- verifyStatusLine -->
  <system-out/>
</testsuite> <!-- com.mastercard.mdcc.employee.testcases.TC003_POST_EmployeeRecord -->
