<?xml version="1.0" encoding="UTF-8"?>
<!-- Generated by org.testng.reporters.JUnitReportReporter -->
<testsuite skipped="0" hostname="LAPTOP-1IPAD3CB" name="com.mastercard.restassured.TC06_GET_Authentication" tests="1" failures="0" timestamp="2020-04-30T21:45:19 CDT" time="2.892" errors="0">
  <testcase name="f" time="2.892" classname="com.mastercard.restassured.TC06_GET_Authentication"/>
  <system-out/>
</testsuite> <!-- com.mastercard.restassured.TC06_GET_Authentication -->
