<?xml version="1.0" encoding="UTF-8"?>
<!-- Generated by org.testng.reporters.JUnitReportReporter -->
<testsuite skipped="0" hostname="LAPTOP-1IPAD3CB" name="dataDrivenTesting.DataDriven_AddNewEmp" tests="3" failures="0" timestamp="2020-06-12T11:38:50 CDT" time="3.933" errors="0">
  <testcase name="createNewEmployee" time="0.511" classname="dataDrivenTesting.DataDriven_AddNewEmp"/>
  <system-out/>
  <testcase name="createNewEmployee" time="0.457" classname="dataDrivenTesting.DataDriven_AddNewEmp"/>
  <system-out/>
  <testcase name="createNewEmployee" time="2.965" classname="dataDrivenTesting.DataDriven_AddNewEmp"/>
  <system-out/>
</testsuite> <!-- dataDrivenTesting.DataDriven_AddNewEmp -->
