<?xml version="1.0" encoding="UTF-8"?>
<!-- Generated by org.testng.reporters.JUnitReportReporter -->
<testsuite skipped="0" hostname="LAPTOP-1IPAD3CB" name="com.mastercard.restassured.TC04_GET_getAllHeaders" tests="1" failures="0" timestamp="2020-06-01T17:27:35 CDT" time="5.890" errors="0">
  <testcase name="googleMap_GetHeaders" time="5.890" classname="com.mastercard.restassured.TC04_GET_getAllHeaders"/>
  <system-out/>
</testsuite> <!-- com.mastercard.restassured.TC04_GET_getAllHeaders -->
